---- get image url -----
https://d1b14unh5d6w7g.cloudfront.net/1500764205.01.S003.LXXXXXXX.jpg?Expires=1488641700&Signature=c3cKCbwtQn0I6vMIkg21ZYjU6TJQ5YTq0NZ34poGAjvYrCoFTQhn4xWw72Plcre7OizvYk0Id/tZZh0wl6628EtGEzncd79rZaRMqssdrgqK7X20Czo46c4GKrl/Sbgprj/cmY2qLEOhYcctG5Qp9YalhMDwwGmD8GofSg7Q1jA=&Key-Pair-Id=APKAIUO27P366FGALUMQ
https://d1b14unh5d6w7g.cloudfront.net/1500764205.01.S006.LXXXXXXX.jpg?Expires=1488641702&Signature=TCL6T8TZ05f0vCQUKN4rMe9Nn+0i1evj8BM407fS7YY28LBmLFo7kaoZ/n1IoyFzk0+rsmVoWsIJ1+AMQqWxuhPZXHM9UQFIw3JFOZLEeQGR7VbTlZMiBdWInmZDQ5VINfFtepqcquPp7SogjKyq16WBttzJqzVp6cHIyhcyWss=&Key-Pair-Id=APKAIUO27P366FGALUMQ
https://d1b14unh5d6w7g.cloudfront.net/1500764205.01.S003.LXXXXXXX.jpg?Expires=1488641700&Signature=c3cKCbwtQn0I6vMIkg21ZYjU6TJQ5YTq0NZ34poGAjvYrCoFTQhn4xWw72Plcre7OizvYk0Id/tZZh0wl6628EtGEzncd79rZaRMqssdrgqK7X20Czo46c4GKrl/Sbgprj/cmY2qLEOhYcctG5Qp9YalhMDwwGmD8GofSg7Q1jA=&Key-Pair-Id=APKAIUO27P366FGALUMQ
https://d1b14unh5d6w7g.cloudfront.net/1500764205.01.S006.LXXXXXXX.jpg?Expires=1488641702&Signature=TCL6T8TZ05f0vCQUKN4rMe9Nn+0i1evj8BM407fS7YY28LBmLFo7kaoZ/n1IoyFzk0+rsmVoWsIJ1+AMQqWxuhPZXHM9UQFIw3JFOZLEeQGR7VbTlZMiBdWInmZDQ5VINfFtepqcquPp7SogjKyq16WBttzJqzVp6cHIyhcyWss=&Key-Pair-Id=APKAIUO27P366FGALUMQ
https://d1b14unh5d6w7g.cloudfront.net/1500764205.01.S007.LXXXXXXX.jpg?Expires=1488641704&Signature=NISA+4LDPFOCE+fPct193t+DSbfF4QpmtDrVU8iV1lRLQqb/qqkROP3ZdfLkHVoPv35kE/WXYldjU1MwsiNzeNxH2AZGrzVO1Lg7+gP27nygfTrN75gH0UD+xp8cofKjSEMDQTbM7TOWT/0DqFomHyRScDvodEN4R1Ill08R7Ro=&Key-Pair-Id=APKAIUO27P366FGALUMQ
https://d1b14unh5d6w7g.cloudfront.net/1500764205.01.S008.LXXXXXXX.jpg?Expires=1488641706&Signature=L3BwmEqFWsjed/oNNN60THSNjGmuYPS+EsCyX7d1t4aCciAIBuBoy1vnL2EVPK/eQYasD52YL2KMEWcJYP0F74r+1R8pTGL5tvvb6o9Xsci+cFoZuEWHZaqTtIr/9NE4tRceBl0L7FJXQg0dij/lLJ3T7fDuIqqFN8IYZ8kQ1Gc=&Key-Pair-Id=APKAIUO27P366FGALUMQ
https://d1b14unh5d6w7g.cloudfront.net/1500764205.01.S006.LXXXXXXX.jpg?Expires=1488641702&Signature=TCL6T8TZ05f0vCQUKN4rMe9Nn+0i1evj8BM407fS7YY28LBmLFo7kaoZ/n1IoyFzk0+rsmVoWsIJ1+AMQqWxuhPZXHM9UQFIw3JFOZLEeQGR7VbTlZMiBdWInmZDQ5VINfFtepqcquPp7SogjKyq16WBttzJqzVp6cHIyhcyWss=&Key-Pair-Id=APKAIUO27P366FGALUMQ
https://d1b14unh5d6w7g.cloudfront.net/1500764205.01.S007.LXXXXXXX.jpg?Expires=1488641704&Signature=NISA+4LDPFOCE+fPct193t+DSbfF4QpmtDrVU8iV1lRLQqb/qqkROP3ZdfLkHVoPv35kE/WXYldjU1MwsiNzeNxH2AZGrzVO1Lg7+gP27nygfTrN75gH0UD+xp8cofKjSEMDQTbM7TOWT/0DqFomHyRScDvodEN4R1Ill08R7Ro=&Key-Pair-Id=APKAIUO27P366FGALUMQ
https://d1b14unh5d6w7g.cloudfront.net/1500764205.01.S008.LXXXXXXX.jpg?Expires=1488641706&Signature=L3BwmEqFWsjed/oNNN60THSNjGmuYPS+EsCyX7d1t4aCciAIBuBoy1vnL2EVPK/eQYasD52YL2KMEWcJYP0F74r+1R8pTGL5tvvb6o9Xsci+cFoZuEWHZaqTtIr/9NE4tRceBl0L7FJXQg0dij/lLJ3T7fDuIqqFN8IYZ8kQ1Gc=&Key-Pair-Id=APKAIUO27P366FGALUMQ
https://d1b14unh5d6w7g.cloudfront.net/1500764205.01.S006.LXXXXXXX.jpg?Expires=1488641702&Signature=TCL6T8TZ05f0vCQUKN4rMe9Nn+0i1evj8BM407fS7YY28LBmLFo7kaoZ/n1IoyFzk0+rsmVoWsIJ1+AMQqWxuhPZXHM9UQFIw3JFOZLEeQGR7VbTlZMiBdWInmZDQ5VINfFtepqcquPp7SogjKyq16WBttzJqzVp6cHIyhcyWss=&Key-Pair-Id=APKAIUO27P366FGALUMQ
https://d1b14unh5d6w7g.cloudfront.net/1500764205.01.S007.LXXXXXXX.jpg?Expires=1488641704&Signature=NISA+4LDPFOCE+fPct193t+DSbfF4QpmtDrVU8iV1lRLQqb/qqkROP3ZdfLkHVoPv35kE/WXYldjU1MwsiNzeNxH2AZGrzVO1Lg7+gP27nygfTrN75gH0UD+xp8cofKjSEMDQTbM7TOWT/0DqFomHyRScDvodEN4R1Ill08R7Ro=&Key-Pair-Id=APKAIUO27P366FGALUMQ
https://d1b14unh5d6w7g.cloudfront.net/1500764205.01.S008.LXXXXXXX.jpg?Expires=1488641706&Signature=L3BwmEqFWsjed/oNNN60THSNjGmuYPS+EsCyX7d1t4aCciAIBuBoy1vnL2EVPK/eQYasD52YL2KMEWcJYP0F74r+1R8pTGL5tvvb6o9Xsci+cFoZuEWHZaqTtIr/9NE4tRceBl0L7FJXQg0dij/lLJ3T7fDuIqqFN8IYZ8kQ1Gc=&Key-Pair-Id=APKAIUO27P366FGALUMQ
https://d1b14unh5d6w7g.cloudfront.net/1500764205.01.S009.LXXXXXXX.jpg?Expires=1488641708&Signature=FFFQXwP+f7GYWJDlFM9RYDGeE8o1OcgN5sBV2RVwR9cmoeH8o31L6xEblqwrObeOrsZ06cDSho5J8rxeJ1l0osJZR+fuUzm50tuFU73AUW35AOg4UxAEU7ip1fY3NpEQKGU84nnzuUvdy3nWTwYKMnUsnURj0ydrc/7Myqo5SRQ=&Key-Pair-Id=APKAIUO27P366FGALUMQ
https://d1b14unh5d6w7g.cloudfront.net/1500764205.01.S007.LXXXXXXX.jpg?Expires=1488641704&Signature=NISA+4LDPFOCE+fPct193t+DSbfF4QpmtDrVU8iV1lRLQqb/qqkROP3ZdfLkHVoPv35kE/WXYldjU1MwsiNzeNxH2AZGrzVO1Lg7+gP27nygfTrN75gH0UD+xp8cofKjSEMDQTbM7TOWT/0DqFomHyRScDvodEN4R1Ill08R7Ro=&Key-Pair-Id=APKAIUO27P366FGALUMQ
https://d1b14unh5d6w7g.cloudfront.net/1500764205.01.S008.LXXXXXXX.jpg?Expires=1488641706&Signature=L3BwmEqFWsjed/oNNN60THSNjGmuYPS+EsCyX7d1t4aCciAIBuBoy1vnL2EVPK/eQYasD52YL2KMEWcJYP0F74r+1R8pTGL5tvvb6o9Xsci+cFoZuEWHZaqTtIr/9NE4tRceBl0L7FJXQg0dij/lLJ3T7fDuIqqFN8IYZ8kQ1Gc=&Key-Pair-Id=APKAIUO27P366FGALUMQ
https://d1b14unh5d6w7g.cloudfront.net/1500764205.01.S009.LXXXXXXX.jpg?Expires=1488641708&Signature=FFFQXwP+f7GYWJDlFM9RYDGeE8o1OcgN5sBV2RVwR9cmoeH8o31L6xEblqwrObeOrsZ06cDSho5J8rxeJ1l0osJZR+fuUzm50tuFU73AUW35AOg4UxAEU7ip1fY3NpEQKGU84nnzuUvdy3nWTwYKMnUsnURj0ydrc/7Myqo5SRQ=&Key-Pair-Id=APKAIUO27P366FGALUMQ
https://d1b14unh5d6w7g.cloudfront.net/1500764205.01.S00E.LXXXXXXX.jpg?Expires=1488641553&Signature=EbergKxUiXlH9ypnCd5e3w4Xc/ZojN9UCaDvR0zSa96UZrjTqnn849xZeiProAR53UvhltGJudt/lbHgRx86YvETezN7wfKhA61KBxBLEfJLVLxuYRxU9AYyTuMUeBx1sKPru9JpYBexPWlap4Bo2o86a0frCcen7avn0MnoAbE=&Key-Pair-Id=APKAIUO27P366FGALUMQ
https://d1b14unh5d6w7g.cloudfront.net/1500764205.01.S00F.LXXXXXXX.jpg?Expires=1488641697&Signature=FnQt9W5pIJ2i5g+WonrVZo1HM2y2JUegUWHyCAkdTCjg2aOAekZSsuIA17T7iAxjIjHQpYoocjQBumyIcRxmIJyzSfqp/UkrL3xIQyPrpWWmuBOFrYkdskViEDMU4cBSS+FtY/RzeCYQzsWFFkIlTIg5FYaHUtYBSyELKf8jQXw=&Key-Pair-Id=APKAIUO27P366FGALUMQ
https://d1b14unh5d6w7g.cloudfront.net/1500764205.01.S00E.LXXXXXXX.jpg?Expires=1488641553&Signature=EbergKxUiXlH9ypnCd5e3w4Xc/ZojN9UCaDvR0zSa96UZrjTqnn849xZeiProAR53UvhltGJudt/lbHgRx86YvETezN7wfKhA61KBxBLEfJLVLxuYRxU9AYyTuMUeBx1sKPru9JpYBexPWlap4Bo2o86a0frCcen7avn0MnoAbE=&Key-Pair-Id=APKAIUO27P366FGALUMQ
https://d1b14unh5d6w7g.cloudfront.net/1500764205.01.S00F.LXXXXXXX.jpg?Expires=1488641697&Signature=FnQt9W5pIJ2i5g+WonrVZo1HM2y2JUegUWHyCAkdTCjg2aOAekZSsuIA17T7iAxjIjHQpYoocjQBumyIcRxmIJyzSfqp/UkrL3xIQyPrpWWmuBOFrYkdskViEDMU4cBSS+FtY/RzeCYQzsWFFkIlTIg5FYaHUtYBSyELKf8jQXw=&Key-Pair-Id=APKAIUO27P366FGALUMQ
https://d1b14unh5d6w7g.cloudfront.net/1500764205.01.S00G.LXXXXXXX.jpg?Expires=1488641697&Signature=DPw0bDq70RW0tInmDloKRsjak4wmt0tbWXn/ee2vwR7uOHn0fbSthuYRyzZSL9naSSso8eDmeRxte/ssIktM+oyOvpMor/IJA1xY4pYreMVCgtfOafKykFuuZyaHGaLRavoznePwDM16g+ZO98IqhLj6aEOAxaAChE7AuWCSdpI=&Key-Pair-Id=APKAIUO27P366FGALUMQ
https://d1b14unh5d6w7g.cloudfront.net/1500764205.01.S00F.LXXXXXXX.jpg?Expires=1488641697&Signature=FnQt9W5pIJ2i5g+WonrVZo1HM2y2JUegUWHyCAkdTCjg2aOAekZSsuIA17T7iAxjIjHQpYoocjQBumyIcRxmIJyzSfqp/UkrL3xIQyPrpWWmuBOFrYkdskViEDMU4cBSS+FtY/RzeCYQzsWFFkIlTIg5FYaHUtYBSyELKf8jQXw=&Key-Pair-Id=APKAIUO27P366FGALUMQ
https://d1b14unh5d6w7g.cloudfront.net/1500764205.01.S00G.LXXXXXXX.jpg?Expires=1488641697&Signature=DPw0bDq70RW0tInmDloKRsjak4wmt0tbWXn/ee2vwR7uOHn0fbSthuYRyzZSL9naSSso8eDmeRxte/ssIktM+oyOvpMor/IJA1xY4pYreMVCgtfOafKykFuuZyaHGaLRavoznePwDM16g+ZO98IqhLj6aEOAxaAChE7AuWCSdpI=&Key-Pair-Id=APKAIUO27P366FGALUMQ
https://d1b14unh5d6w7g.cloudfront.net/1500764205.01.S00H.LXXXXXXX.jpg?Expires=1488641697&Signature=GivGLRA1vJD0Ttg/1O/VCFwAL4g5P9cny8Z+/RHNDVx2EC/sRyxTQoamK+jwrwW04nc9R8S/gJBUAYrDdD4qiWXh3eYEav2L6/jc4xKsVCX4jebsa9FRgFLa497TFsQiGmxNc4VgX2XY1Ln3nKyCkaxf0q6mbiU/YpmHXhC9xpI=&Key-Pair-Id=APKAIUO27P366FGALUMQ
https://d1b14unh5d6w7g.cloudfront.net/1500764205.01.S00I.LXXXXXXX.jpg?Expires=1488641697&Signature=BFybmKGYjWiH8pYVECeDlX8Y4rrXQiEKrFfE/VA0Gbk7yY4aMFzRHfeCCEZwk5wxwcVvvyfPFiMd7BrP1KimfkeQn9tn4JiSZ2Gi69fPWevKtqsSUAgyKNKjgNX9dF58anFjIfUxxJasFKJRHmKs1hYo3Ciockc5wRoXVgNP+8s=&Key-Pair-Id=APKAIUO27P366FGALUMQ
https://d1b14unh5d6w7g.cloudfront.net/1500764205.01.S0GN.LXXXXXXX.jpg?Expires=1488641554&Signature=ObQwJTGOVcKyzJdSsbYiB/+kNooA8hoHFI3f9LgHv6LDwuKAq6hrL366PnpjDqO1sU9J6mAFUmMguZ2tmnvi2p++g3P1/qzyhXeKpU7z+n+D/1yJooroSk9seRiGTrlB0wrLixD7NolRqvLrKHiKLKa2/goQnkO45XvRj12gezA=&Key-Pair-Id=APKAIUO27P366FGALUMQ
https://d1b14unh5d6w7g.cloudfront.net/1500764205.01.S00H.LXXXXXXX.jpg?Expires=1488641697&Signature=GivGLRA1vJD0Ttg/1O/VCFwAL4g5P9cny8Z+/RHNDVx2EC/sRyxTQoamK+jwrwW04nc9R8S/gJBUAYrDdD4qiWXh3eYEav2L6/jc4xKsVCX4jebsa9FRgFLa497TFsQiGmxNc4VgX2XY1Ln3nKyCkaxf0q6mbiU/YpmHXhC9xpI=&Key-Pair-Id=APKAIUO27P366FGALUMQ
https://d1b14unh5d6w7g.cloudfront.net/1500764205.01.S00I.LXXXXXXX.jpg?Expires=1488641697&Signature=BFybmKGYjWiH8pYVECeDlX8Y4rrXQiEKrFfE/VA0Gbk7yY4aMFzRHfeCCEZwk5wxwcVvvyfPFiMd7BrP1KimfkeQn9tn4JiSZ2Gi69fPWevKtqsSUAgyKNKjgNX9dF58anFjIfUxxJasFKJRHmKs1hYo3Ciockc5wRoXVgNP+8s=&Key-Pair-Id=APKAIUO27P366FGALUMQ
https://d1b14unh5d6w7g.cloudfront.net/1500764205.01.S00J.LXXXXXXX.jpg?Expires=1488641697&Signature=ABxVmMAk+X8ai2qlr8ZjwosyHBFJhPtQhbx0IGX9becr78pWt/22ztBQVgvSYy2YpkNayxTUJx6CCPUud0f7X9yJXHpJTxYSwP9wZgvkZlGg9DlyxoDuhCcuhAj/cOXACo1CVTiAZHWboDUSSBFMLPSJjp0xS4Mc0g9vKib6/Xo=&Key-Pair-Id=APKAIUO27P366FGALUMQ
https://d1b14unh5d6w7g.cloudfront.net/1500764205.01.S0GN.LXXXXXXX.jpg?Expires=1488641554&Signature=ObQwJTGOVcKyzJdSsbYiB/+kNooA8hoHFI3f9LgHv6LDwuKAq6hrL366PnpjDqO1sU9J6mAFUmMguZ2tmnvi2p++g3P1/qzyhXeKpU7z+n+D/1yJooroSk9seRiGTrlB0wrLixD7NolRqvLrKHiKLKa2/goQnkO45XvRj12gezA=&Key-Pair-Id=APKAIUO27P366FGALUMQ
https://d1b14unh5d6w7g.cloudfront.net/1500764205.01.S00H.LXXXXXXX.jpg?Expires=1488641697&Signature=GivGLRA1vJD0Ttg/1O/VCFwAL4g5P9cny8Z+/RHNDVx2EC/sRyxTQoamK+jwrwW04nc9R8S/gJBUAYrDdD4qiWXh3eYEav2L6/jc4xKsVCX4jebsa9FRgFLa497TFsQiGmxNc4VgX2XY1Ln3nKyCkaxf0q6mbiU/YpmHXhC9xpI=&Key-Pair-Id=APKAIUO27P366FGALUMQ
https://d1b14unh5d6w7g.cloudfront.net/1500764205.01.S00I.LXXXXXXX.jpg?Expires=1488641697&Signature=BFybmKGYjWiH8pYVECeDlX8Y4rrXQiEKrFfE/VA0Gbk7yY4aMFzRHfeCCEZwk5wxwcVvvyfPFiMd7BrP1KimfkeQn9tn4JiSZ2Gi69fPWevKtqsSUAgyKNKjgNX9dF58anFjIfUxxJasFKJRHmKs1hYo3Ciockc5wRoXVgNP+8s=&Key-Pair-Id=APKAIUO27P366FGALUMQ
https://d1b14unh5d6w7g.cloudfront.net/1500764205.01.S00J.LXXXXXXX.jpg?Expires=1488641697&Signature=ABxVmMAk+X8ai2qlr8ZjwosyHBFJhPtQhbx0IGX9becr78pWt/22ztBQVgvSYy2YpkNayxTUJx6CCPUud0f7X9yJXHpJTxYSwP9wZgvkZlGg9DlyxoDuhCcuhAj/cOXACo1CVTiAZHWboDUSSBFMLPSJjp0xS4Mc0g9vKib6/Xo=&Key-Pair-Id=APKAIUO27P366FGALUMQ
---- retrieve image ------
>>>>
https://d1b14unh5d6w7g.cloudfront.net/1500764205.01.S003.LXXXXXXX.jpg?Expires=1488641700&Signature=c3cKCbwtQn0I6vMIkg21ZYjU6TJQ5YTq0NZ34poGAjvYrCoFTQhn4xWw72Plcre7OizvYk0Id/tZZh0wl6628EtGEzncd79rZaRMqssdrgqK7X20Czo46c4GKrl/Sbgprj/cmY2qLEOhYcctG5Qp9YalhMDwwGmD8GofSg7Q1jA=&Key-Pair-Id=APKAIUO27P366FGALUMQ
Cnriyrluhled Mmenzl

Cnriyrluhled Mmenzl


>>>>
https://d1b14unh5d6w7g.cloudfront.net/1500764205.01.S006.LXXXXXXX.jpg?Expires=1488641702&Signature=TCL6T8TZ05f0vCQUKN4rMe9Nn+0i1evj8BM407fS7YY28LBmLFo7kaoZ/n1IoyFzk0+rsmVoWsIJ1+AMQqWxuhPZXHM9UQFIw3JFOZLEeQGR7VbTlZMiBdWInmZDQ5VINfFtepqcquPp7SogjKyq16WBttzJqzVp6cHIyhcyWss=&Key-Pair-Id=APKAIUO27P366FGALUMQ

>>>>
https://d1b14unh5d6w7g.cloudfront.net/1500764205.01.S007.LXXXXXXX.jpg?Expires=1488641704&Signature=NISA+4LDPFOCE+fPct193t+DSbfF4QpmtDrVU8iV1lRLQqb/qqkROP3ZdfLkHVoPv35kE/WXYldjU1MwsiNzeNxH2AZGrzVO1Lg7+gP27nygfTrN75gH0UD+xp8cofKjSEMDQTbM7TOWT/0DqFomHyRScDvodEN4R1Ill08R7Ro=&Key-Pair-Id=APKAIUO27P366FGALUMQ
Cnriyrluhled Mmenzl

'zrwmwrmmw mharmnmrmmrwm”mar-W
”Mm-,m‘_k.m.‘.m_m WWWMmW
mmmﬂm"tnﬂw‘wmmﬁm mm.“mmmw‘mwmm‘
WWWRWWM W.» .Mm_
mmw‘kw‘ ImmrmmmmmmWWMWM W

 

 

 

Mm “mum.” Mm“. m. .M Mmmwmhmm m Wm “M “WWW _ mly
ﬁrm “WW. uumwnwhw"Mam/mun) mm/Mmm m WNW mun!» .memmmmm
m mmwunnMunvaM-m‘ m m mm, “muwmmmm Am mm mm.“ m mm
m: "Wm. mmummmymummkmmm“ mm Mnmmmummxm
m:::;11;:‘:mz‘wzml:mm mm W .mmmww mm. mm) mymu mm m mm M

 

 

mmw»m.mmmmmum”.WWWMWWWW Hummmuvmuuywym
Mmmw. Myuwvmwcmmmatm mm.me‘mmmmmwm, mm «mm
WWW“.”.mmmmm A“mmmm.mmmmww mmm» mmm
m umwm .. mmeh-l-wvwmmu w.mm,Wmmww.mum. u.“ www.mm, .w.
m vummvrm»:~;:u~umvtnrmmhp\umdwwwnmu:ywﬁvwm1hvh“ r‘w-‘un’mmgmwm

 

 

 

 

H—wmm mm W n .‘M M. w my mm m w: M mm mm W W“ wmm . WW . w". m m
"m-" W m. WWW w WWMW um-unwn‘smmwm m...‘ mmmm ”Wm. M m

'w Iwwmsnmu WM mu . w: m ”by WM WWW." mm “mm . Mmmww
mm» m m- an w m. 'x m Wm “ m an vmuu‘w w m WWW M w W m m. mm
"mm .NMMWN mw' wmnm- m «mum hm wmm» mu .u mm. Mu...
7:.” “J WWW. WWW mwwmum“can”???‘M“.“.1“‘lmmfﬁmﬁwawﬁhfm
mwmw .mem

-u “ umM-un-«i' .... 11“an mm. Wm .. m WWMKW w “ m. m. “mu“..m
WWW“, ., mum». “mummkunmmwum-A WWW“ m“ WWW,“ m m
“ um ”Nahum“ Mu Mm mm mm w m w...m.mm,mm.mgm ”mm
mm m, mm... mm a. lwm m. mm. “mm “Mm mnmmmmmmwm w
Mm. mmlrw mum ‘vrnwh-ww—wmmmuxmdm WW W “Mywmnmwm W k
m m mmﬂwmmwnm- me mMWWWﬂW. mmmm. Mm. mum“ W
"nm- in.“ 'm» thwm w h.J“WWWmmmmMm‘u Wm M MM mm
“a...“ ‘ —unu “mm mm» Mm ‘ .m m. mum .N W..- W w - mm mm.
‘3“: ﬂLT'r‘"E¥WT§”“"’T" 3m“- .5“ 13“???” TAMK‘VJﬁ-ww'fi’w maximamw
hm wmmmm WWW”. mmqw. m um...‘..(...mmx...x._m
“” "W "“1337? ”W311 J‘mﬂﬁ‘mﬁmﬁmmﬂﬁﬂﬁ" “mmmw "7%
mar m; 'xm ‘. “4- m "mama .mmmm m.

 

 

 

m mun—m Wm H. .mwmm ML )mm- m w. WNW w.“ mm“, “mm...”
swim“: in? ".3551 153575? ".2: mﬁlﬁmm”Tﬂl’ﬂlﬁﬂlﬁﬂmﬁmﬂlmi
“WWW“ TERM 2““ {WV 3 7:3“ '1”:*““T“‘3":‘"'ﬂ v1 7‘32???“ LJVEE‘i'W'Z
mmwww. “mmmwmmm

 

 

1m m mMm»,“Mumm‘mmmwmmm.‘ human”

 

m m

 

m Mlxmlw-hm‘l’mmumﬂ“!

 

w _ mm .1.“an m...“ m» w . .u M mum“ “whammy M mum-n a
mum, mum. (- » mm .m. mm, M. W s. .m...m.wc.mma.m n: ...
.w .m M “a. “ m hmmwm m m.-. m mm mm
1mm.» mmwm m m -m mummy
M» "W “WWW” mummmm m mum

 

   

Cnriyrluhled Mmenzl


>>>>
https://d1b14unh5d6w7g.cloudfront.net/1500764205.01.S008.LXXXXXXX.jpg?Expires=1488641706&Signature=L3BwmEqFWsjed/oNNN60THSNjGmuYPS+EsCyX7d1t4aCciAIBuBoy1vnL2EVPK/eQYasD52YL2KMEWcJYP0F74r+1R8pTGL5tvvb6o9Xsci+cFoZuEWHZaqTtIr/9NE4tRceBl0L7FJXQg0dij/lLJ3T7fDuIqqFN8IYZ8kQ1Gc=&Key-Pair-Id=APKAIUO27P366FGALUMQ
Cnriyrluhled Mmenzl

gamma? .u» MMKMMMMMM .. hum-11ml:wkn.mnm:mmmhumunuu

 

 

 

mmmwmmwmm Mum mm “(mm—m. WM.“ Ammunnum
._ mum—WW WM ammmm hummu- WNWM WW «4me um
““12 mmmwm ”4:31:33." mum:mmgm’m‘:mmmm‘mwmﬁmm

 

 

Am mmwmw WNW..." .‘x Isa-«mm: mm mm m. “mm...“ . um» WNW w. W
M My my.“ mm... mm mm M WNW?“ mm mm.“ “WMMW Amp.“
“WWW. WWW mmummmwmmrw mm. m w“ wc‘mumﬂu. m. w M W M mum
Macaw-01mmmwwmhwnmwhyhuwrmm stm-hmvmmnmnmm‘ m. WWW...“
M m u awn...“ Mm...” .M WWW W (Pram-yawn www.mm M. mm-
WIW“mwmwrm‘ m ‘wkmam WWW“, mm mm mm ”mm "mem

 

mm mm- WWW .wmwm. WWW 5mm 'x w M w.- ‘ WM - mum-1 WWNW,

"W~yux:;:v:r\nnm mm. W ”rum“? m wm W R?W‘.uydwmhmmm m Hr “(W Mum:
m ,n m mm mm M _ WW Wm“ ‘mmyAh-w w mm mm mm mm “Mu wwwmm
Mm m ., w Mm .hwmwm.“ 'th ‘ "1“ka - mm mm Mumm. m, km W
“my WWW”? “i W mm N am W W mm m. “ M-“ mm m M \wwmuﬂunanu‘

 

 

“WWW Wm mmmw mm.” mmymymn’ '\ Mummﬂ .y - umwm

MMWWWKWMWwhwﬁmﬁﬂnwwuwwhmmmw..mm_w:mwm _

““de mm mm “mm m... MMM‘ ‘ mhmw Mam.” Mm. mm“
mm M MN. m ‘ um mm mm. mm ”Mum“ mm. m ”me

1mm»,MW...““WWW-h,mmummmmamamw-mmmmmmumm
mm m. m mum w...“ mm mummy-mm m w-.. M mm “mm.“ .m w..."
"m - hm 1-9m. m, .an “W N W‘ “4- 1., memm m “mm.” m ‘ mm
mwawm‘uuwmawmn 3mm: “in? n—nuhnmrmﬂ WWW?“ mm mm am an
“Wm WM. ”‘52?" WT am van; ”TM gum” mm 1“ mm W www.mmum

 

    

 

M‘m'fw. axui‘m'u'l' mﬁmiiufﬂﬁwiﬂmm.Lﬁi‘mwuwmﬁuﬂ; "maﬁa-ALE
"mm" :1?”'WTmTEZ’"w‘\$"‘CMT'WWL‘ZK"JSLTS'ZT""“J‘"ZT:"-$w hm»

 

 

.m. .in .mmmmwmn. WM‘.w.._‘.m_..m.mw.w
“Mm ”mum.“ mwmmmm “WWW.”
was: 1.2.1" wnmmwmw “z; "xtzww; ~w-‘w‘ .u
mummw WM. NM.“ mm. M.

M. WWW“ m... WNW.“ WmMMum m.
WWWMWM mm.” mm“ m
MM. WW“ mm Wk.-.“
WWW” M.,.,.”.w....m.m WNW“ mummum
MN MW mm

        

 

       

 

v...v.y.....m...vmm..w.am

Cnriyrluhled Mmenzl


>>>>
https://d1b14unh5d6w7g.cloudfront.net/1500764205.01.S009.LXXXXXXX.jpg?Expires=1488641708&Signature=FFFQXwP+f7GYWJDlFM9RYDGeE8o1OcgN5sBV2RVwR9cmoeH8o31L6xEblqwrObeOrsZ06cDSho5J8rxeJ1l0osJZR+fuUzm50tuFU73AUW35AOg4UxAEU7ip1fY3NpEQKGU84nnzuUvdy3nWTwYKMnUsnURj0ydrc/7Myqo5SRQ=&Key-Pair-Id=APKAIUO27P366FGALUMQ
Cnriyrluhled Mmenzl

W .g.‘ M uu‘I-akWI-amnu hum-I" ,, my WW “Mu-(“.7 3. mug-‘1‘ ..
am Wm “M... mam-nu «gym... mm". .g mmumyyum mwm my
Elimh'y‘; HEW; "MW“? ‘“;".‘17.."JI‘KE”’"H..Z§:T£‘T" ymmw “"32” A
mm “My.“ My»... wwwm. Mmmkyunmyy“ mm...r mm my mm...

"mm m m» m M mam. y...“ m m...“ ym My... Mmyynwyywyw “my.
My Mmhy’ m ymmm uy. y. - y.‘ u- My .y... -yy.y yy my mm .. y m mummymwummm
9211”“ “XI.“y‘y‘fJTISy' 4mmy‘m: mmrmmrymtm‘ “"m‘ﬂfz'xzm‘fy’n‘my

my: “22“”? my? “"3"“: ,‘yumgwrwymmmm mm- n-a V-WN mm mm

 

   

 

 

ukm-uhmmh-lmmmwmmmhnaunun-m-m

 

my w “my”. y. mum“ Wamwhy WWWW-M. 'wmhtpmv'umm
M. mm mm MWy .uymyy“..M..y.y<.myy,..yyww WWW “My-NW "MM
msmmmupmmwmnmswu 'WymwulhMlsnnughvm-HymmmmnﬂmunHHm-VA‘HWYM‘MVIHUMum-Hm“

 

m meMnm-uy y my my. my my WNW y. ya mu \hsmmwmmrska hm.uwhmmmwmmum
my y y. my. vm MM MK mm mm Mmmmy. mm mm yyymymm WWW», WM yyy
w" ’K’3""?12“'"“'1‘y”"'£§m”"}:“'3'”““5“".“ﬁ'm‘mmiﬁil’y‘g'ﬂwwkﬂm

my my mmwmmm msumnq-n-wuﬂh uwwn .ym my.” mm. mm momm- Nauwmmsm
my yy yum/my my my». may yyyymymyy my mmw Mm mm... my.“ “mum mm,
W“ “my". mammhuwmv mumwmmmnw

 

unrAV-mmlmwwwmkmnmA mummy wkmxwm ywmuunuwm.km run-nmmMMmmmw-Mmmuv
“my: wmuym;~»-umnmummuum I‘DswuuwwnﬂmuuuuMVMLVHH-dwdKwMIk mm Mumm‘ummmhm
1mm. . my“ y», mm mmme-uhmm My, y. mmyyym

w “my-MM mumm».«Mt-am\Iwu-ummmwwhmwmht yyymyywumm

WW WWW.” “.mwwummyyyywywmmy mwm‘mutnm.‘ My. .wm
”mm myyyyyyymyy. ”my.“ WWW...“ my- my“ my,“ Mammy My My Mum yyyn
MW... \muhumwu\mn yyymmmmy y my wy yum: my my.” .yyyym my yummy“ m
m.mW”my:Muymywmmwyy WWW,” luau-mm mummy .Mywyy
My "WWW Mm meuwwuwv ymyyymmy y. may Mummy my W W. my w. y.“
0‘meme \Mmumw rm" mummy“. mm m.» mum mm myyyyyymyﬂyymwm yy
My 4mm yyy m my.“ mm ”(my mm“, M M may“. mymmmmdmmu

1mm W WWW y. M omwmmy mm mm. Wm”. my, m-m.vrmwm my mm. mm
y mummy.” mm; y .mnm-uy—mm—umr—uuv mmnmm M mm mmmm
“Emmy: (1W mww-wm‘ y w-«wmmuu “My Mm. y,.y mun-A .yy “my-W;

 

u. yum.“ mehmm y my mark my. mm“ mm may.” say mwym. yum ,
m...“ -.y M. mm .y mm, m m m. my .y.. Mm Wm wm mm “mm“. m.
.yy, w W “nun...“ m m. y...— .y “may. y_ My.“ .aay m...“ W .k m My may.“
My .m .n my My my... mummy “autumn-hm“ ,y y-. m Wm .mm mm
mm mnluuhmmumwmww m.yy.y.m,.‘w..nmm-ym WMMW "rm-u

 

'Ihuumy My ”my. m ymmumm m. .k y... my" Mum”. m,” Kym mm m ...
my Mm mama W w. My“. “WNW m m mmym mmmmyymmy yy.

WI: Mum y... hall-«y my m... yyumk mnmm y mm W my my .nm [Mr .. yum-"My“ y.
gummy mm? W cm!” I‘m y: [mwyuarmwyyy‘ m: .Mymmwm“ .. y m y.

    

wymwm yuanmmuyyd.‘
m..." Mummmuwum}

   

w: m. ummmhum m .a y may.» ”mummy Wynwyymyum M. y. ... tumult-(nah .u
135'“ 7" "Ci”‘imifﬂm" “W'fﬂi'i‘mﬂ'zﬂw ”57"?“ "i‘"?&"$i§":ﬂi‘m‘a "m
y... y y.) m.“ M “mummy y y MW“- -y..y my“. ”my mum.“ y m my y,
W mm “mm; mum: unmoumuunuhmmmmynum—A 1.1mm M Mnumkmwulmm»
hymnmmmy My 1y WWW" mrmmumhu 1mm my. y. ymyymy. u- may Mum .yy
,ymmlymmman...“

 

 

Cnriyrluhled Mmenzl


>>>>
https://d1b14unh5d6w7g.cloudfront.net/1500764205.01.S00E.LXXXXXXX.jpg?Expires=1488641553&Signature=EbergKxUiXlH9ypnCd5e3w4Xc/ZojN9UCaDvR0zSa96UZrjTqnn849xZeiProAR53UvhltGJudt/lbHgRx86YvETezN7wfKhA61KBxBLEfJLVLxuYRxU9AYyTuMUeBx1sKPru9JpYBexPWlap4Bo2o86a0frCcen7avn0MnoAbE=&Key-Pair-Id=APKAIUO27P366FGALUMQ
Cnriyrluhled Mmenzl

M ”MW-mm u, mm...“muy‘WMHMMmMM- “WM...
twmm-mmﬁm M n- m "w ..,- m... ‘ WWW... M Hump“ m

 

117.1115 ““1“" ' 7/“ ‘ "MW” ":33"; 'MLJMTLL" ”GECITE‘JWM'” “" “M?" W: "LNG:
m m mum-n11“ mm». mm www.mmm m.“ “mm.

37mm“: - .3: mxmwmmmwwwmem‘T .Whvmmxfu m- mm“,
mm.” m WWW“ “Mk... m mu “Tm“ .m m ”WNW” “W‘yhmfmum

 

M ‘Ammﬁmm‘r il‘mlm mm. m..‘_ lmmyfu mm m m“. m {Antique min mm} M'B m M m m‘
w m memwmm mmwnmm - m w m .m M... m WWW m- m.
mm. m mmmmm Wm... WM wmm m. wavy-“hum w. mm M mmmm mum
mm mm... mummm) M m E‘ mm mm WWW“: um-mmry m whwmmmrrm m.
m mmmmmmmwm WWW”; ”12‘.” ‘mm- m “smug“? m1.” kW
“mm,wwm‘mmm.‘ Mm W».- m. m mummmmnm‘ mum/Answ- um m
mm! “m- "mumWummmmmWWWW.mWWWmmwmwwmm.m
MuMM-nwwv A. WWW.” Mmmww wh WWW \mmwvmw “MW ‘Mbm M W
M» Mnmmw .nm Wham, me_m.mm..mmn mm mm.” Mm mam

 

[ha-15m m mm W. w my “Wu. WWMMW“ Mm MWWMMN.W“ «m mu
u-v- mmmmm mythmﬂdmxww ”Ammumw mwn‘mmsfm .mmwwmw
W‘MW ‘d:7"”§?"5£¢'¥"‘f‘7"‘“€3$””'““F“ Aamvwmm'm wu2wm'mmwxwu ‘
mmmam .mmmu um m-rmm

3:“ mm» mm: Vmummwmmr‘mﬁlmm . W.‘»h._.mmuww'um Tm “122': MW

wmwwNummmw Wm. WM ”www.mnmm‘hmmn wmwmm .m
my,“ m3: um»: WWW” m mm “mm- 1 “w; "“‘T‘WTW‘TI‘G‘ “Fifi: 23:“? .
“Wmmwm.” M _. M mm. w mm mm m mm”. M... M M. “W m.“ M .
L...’ 'm mm m ”.1 mm...“ mm mm mymwnunmmcmn Mm. mu .M, ”mm
mm.“mwmwwmmmq M mum.” W Wa.“mmmmmcm. m _
.amm ‘ .. “Wm..." Nahum.“ WWW M w.» M, mum human-“w mu Wu
may 1wmunmmnmmwwmmumv mum‘mMmmm .w- human-1w“ . Mm, m.
{:“m'TH‘T ' ” WWW-"T”? W“ $mﬂﬂ“mﬂw7ﬂ E11"? " ‘3: TM?“
‘... “Mam—m m_mmmm. Mammmwmuw, 10m) unvumxnu mm m
Kmammmnw Wm Imarm—‘Mnmm u x A Mummmmm www.4mw M
mu ‘u.m.n,u.... “Wm-mm m.“ w m mm mm .mmuy “—21.th: “rm.“
F1“ my] ﬂawlmmmmumﬂ“ .. 4: mm)...“ 7W.“ num' mm m

 

 

.mmmﬂwu m m, ”mum-w M m m m m WWW.“ mm...“ m Mm M, «(h
mmumm MI MN ,mmmmmm .m arm-mm mm.“ M nwuhm-u mm M m.
m mm mhrlwanlmrmr ‘Izulkmn-(mwkqum mo mum.“ vuan-w M. mm." W “
“numb“ my.“ m M“ um. mm w... ”mm-1m.“«Mm-nymmhmmsm
"mm mum; " .M.rm..u...m..m..mmuw m. Wank mm..." m.)
wwnrmm: uuymmmmmuum“www.mmwmm WWW“.

 

 

 

   

“nmv‘mmw. www.mm “Mama.“ m.m.W._mmm “Wm.“ M
“:‘Li‘i‘iw “may:WWmmhm.»wwmmrmrwmm WHMW w»;
(Am!knnm‘wwummwm-mlmnmzmwubmmu “mu-“mum My. wt nﬂﬂl‘irm"

 

 

me mwww.~..,..mw ..,K.~..m..mm...m.mm.m mum

Cnriyrluhled Mmenzl


>>>>
https://d1b14unh5d6w7g.cloudfront.net/1500764205.01.S00F.LXXXXXXX.jpg?Expires=1488641697&Signature=FnQt9W5pIJ2i5g+WonrVZo1HM2y2JUegUWHyCAkdTCjg2aOAekZSsuIA17T7iAxjIjHQpYoocjQBumyIcRxmIJyzSfqp/UkrL3xIQyPrpWWmuBOFrYkdskViEDMU4cBSS+FtY/RzeCYQzsWFFkIlTIg5FYaHUtYBSyELKf8jQXw=&Key-Pair-Id=APKAIUO27P366FGALUMQ
Cnriyrluhled Mmenzl

mum‘wmmm1fmmﬂuwgkmmwymmimﬂymm “mummy..."

 

M-‘m-wwrvwwwmmzw' M‘wmrwmmv-v
“kg ”WWW.“ “W.”

 

1m mm. MMMMM m Wm. mum—mum.” w WWW. WWW. w W ram-H) M
mm.“ m Wt... www.mmm. w. mm“ M. .m www.mummm m

m ... he mmmkm‘m. mewmm. m mm n. m, -M “mum-Amman»; MW». 1..
mm A, m .. ‘ M mm “mm _. WWW mmmhm Mm W... w M. mm. m “m, m».
WWW m. M W mummy rm.“ WWW m m MM u wnmm W w WWW. m MW
1“: mgmmuwmm; wﬁwm—ywn ﬂrrmmmmmw ”m km: “ Mmm, HWY
Wmm mlmum w m m m.‘ mm.“ mmum mm mm WW .m mm W mum um M
N am WW u W wwm, um mm. M m m M m-nwmm M ». Mu um «M M m- WM.“
4mmxr‘u1ywbwuwn‘m m. m w my; warm”: my WWW” Tmmmmmﬂmmm N

 

mmmmm m mst ‘ .w .Wmm..m, mm , m1 mm mm mm, mmxuwmwm .m m. ‘ Wm“
mm ”mm w W Am mm.“ w my.“ .. “WWW” mm“ ,m M WWWM, m n

W. m: “13» «um . "T? In: My umﬁwm “23;? “ff“ ‘2‘”?“3’KEMTW A: Mummy
kummﬁwnu‘y mr‘wmuwwwﬂ .W. W m. .wmrmwﬂygm m: waxy Tm?” m
m- ‘ “mm.“ Mam us “WWW“ mm“ Mm m mm M WM." yuumwumunm
W MW “Mm ”W“ W WWW N w mm, m.» mm. m. m‘twm m. M. my.“ .W W
m...” «WNMW MMWM .w M MM m”..- m “WWW mmmmm-
mmm.»...m,wm mm ”mm Wm WM '7‘, m. www-mw- ~M
mnmmmmx.mumvr-mumnmuuuv-u. mummmmm.MWWMNWMM kunm
W mm mm. m‘. NW “awn“...w w W. M mm m W WNW WWW" mm M
m mm. ”mm W.“ mm, “mm.“ m mum mum» mm W, mm mm
“WWW...” www.mmwmu.

cm.» mm)” ,m ”'rmr“ ‘. "urn W Eur "1723.!“ [.3 u-dmwm.mn Mum “my“? uh
M mum W ”Max, M.» Mum“ WWW“- "WW-“

wwwwmﬁmmm m‘,....m.~.\. .WWMW [mm mm.“ mom
. mm W M WWW“ m. mm mm Mam “WM, ... m mm...“ mum.“
WW”? W Wm Sm mm“? “3,32%?“ n. W Anuwwhmm. w M W

 

It??? . . Puma”harm-M-mun—“ummwmmn. «mm—mam m

 

'xmrxmh—‘mm

www.mlm mu“mymummlxl‘l—nM-M-y-umﬁ‘ mwmym mm.» ”WNW
“NMWMWW Mmﬁnm-Mmmmmmmknxw 14 ”mm... m Mmmwm
mmmmmm.Muwmmmkm”mum—m". mm

 

 

Wmmm .m M,m..mm.“mm._u..m. m—mmmmnmm-mmwmm
“Mm ”mummn 'wm mmmm fwlm-bmmu‘m‘v m

 

'un mun—mmmwmnmwm. 1.4mm “may.“ ‘Immumukwmmlm

 

2.“..n‘mwwﬁmwtmﬁ mwwm‘muﬁ nu: ”mummﬂuvmfngnh .w

“mummy“. ”NW my...“ WWW «Mm-.1 “mmuummm
‘wlymnu ml .0: “(mum m mmu M h- um m m mum.“ ”mm, “H.“ mm,

Cnriyrluhled Mmenzl


>>>>
https://d1b14unh5d6w7g.cloudfront.net/1500764205.01.S00G.LXXXXXXX.jpg?Expires=1488641697&Signature=DPw0bDq70RW0tInmDloKRsjak4wmt0tbWXn/ee2vwR7uOHn0fbSthuYRyzZSL9naSSso8eDmeRxte/ssIktM+oyOvpMor/IJA1xY4pYreMVCgtfOafKykFuuZyaHGaLRavoznePwDM16g+ZO98IqhLj6aEOAxaAChE7AuWCSdpI=&Key-Pair-Id=APKAIUO27P366FGALUMQ
Cnriyrluhled Mmenzl

‘ “may:vmum”NI-Mmemmm‘Immalmwmunmnmmm *Mmmmmnny “mum...“

Ltmﬁ"""‘.:::" ‘TT;"7‘.JM‘T:“"TSP3"$TC‘J“ ‘”";”°"";_‘:° ”‘1‘ ”'"ﬁ‘ugmw

w ”w m m, WM m. m mWW”Wmmmmmwgm W mm“ “mm“..mum .k
M mmmm .. ‘ m mm." mm W mumuym. .. m m...“ m...“ .m

m ‘ mm M MW WWW. ‘ ... m WWW w Wm Mmmm‘lm-n WWW“ MN
MN. mm H mm mm M mm. «W h mum‘man-‘mu/m mummm Mu mum“
M m ”magnum.mmww w Wm...“ Wm. WM WWW...” W. ”MM M H
mm ‘ mmmmm WWW. um. m m m‘uler-M Mmm m “ m m [wan "HWY mm
.W .M ,m Wm M WWW WNW-MW

w. Mwmnw-Mmuu mm, H. mm .1“qu mm.“ mm M. M m w Ilwuu m M. mm M. mu
.m, Mk MWWHMWWA .M M.( M W WWW Wumumwm w W mm M M m m
W. WK- My mm..- Worm“. ‘ Wmmmmnmmmwm

wwmwmm My um -mWMWW...“mmmmwwmm.WWW mm
mm? “Tum “mm. 1;.“ mnm‘muu,...m WWW”? Mm. a? a”? m Tm WT ‘f
“mmmmmm.1“.1““.u‘»..¢“.,ww“.MWMMMmm“WWW.“

 

m «www, h» m, m ‘ WWW mum mm mm Wm mwmm «‘me
1913‘ M mmmﬂﬁm W wwwwrmmu mm mm, w. WNW WW: “‘1?“va
.9.“ .W .mmwmmmmm m WWW.“ .u. u. M u _ .m m.‘ m [My-unnl' Hnm up.

y‘vnu mm: .mﬁﬂmmmwﬁ “WM mam-l- ...“ mum-1‘ ‘ w k .m Wm.” MWM

maﬁa, mm“ «3mm,
hmmwm :‘mw wwm..m3..?.mm.m1_w

w m mam—”m 'wm wmwmm 'v- 'nn mm mm... urn—Mm. ”mumnmw
TlV‘u"Eimmﬁwﬁmum‘ﬁﬁ‘“P";EWIJl’MWﬁw’. ("C“TEC‘V‘JW "m "MET? ”‘

'lummmmsaucmmmmuvmu‘m‘wm “in..."mmmm .y WWW.)mhmxmu
n..,~.,..u~mm.n.m.m.u.n m mm m "WWW“.Mnm. "k n-wmxnmmwmw
mwwmwmn‘umWM. Wm. WM Any-“mm.“ “Mm. Wynnmmm
“mm mm.“ mum mu mMWmmmwww.mmmmmmwm
mm. mmumlm 14th «my [mummnm- Magnumxmuwum ”mam
1%nap-«Mm;hum-1ww—un—wnmmw‘ugunmmxmm “W .‘m‘mrwwwpum

 

 

Wummmm MmMyw.m.u-Wm_nmmmm mmmmmw m .. mm
“M".uwm .mm m....m»«..m.mm,..p “mp-Hm mmnmmmw
W“ “W“? "1.1T”; “HT"?“WSEB‘K‘ Aa‘m'wmw "1 Q“ ‘2'? .

 

 

 

 

 

 

 

H mm: m m. m mv:n1yw' 'mm—m‘mukmmum ‘ "mm” mum
WNMMMHMMW mum..-n.‘m.__mmm.km‘ th-‘nmmrmn:
»..‘m.g.«..mmummmmm» m- m;mammmmmmmm w .u

 

M; «Tn-.33.?“ ﬁt; luv-uh J2; mmyﬂmm 1. m “JERRY ‘quwlymm: 3.1"."
i“::‘:::‘“¢:':“"£7m wwww~mu< m mayw mum .

 

 

 

Cnriyrluhled Mmenzl


>>>>
https://d1b14unh5d6w7g.cloudfront.net/1500764205.01.S00H.LXXXXXXX.jpg?Expires=1488641697&Signature=GivGLRA1vJD0Ttg/1O/VCFwAL4g5P9cny8Z+/RHNDVx2EC/sRyxTQoamK+jwrwW04nc9R8S/gJBUAYrDdD4qiWXh3eYEav2L6/jc4xKsVCX4jebsa9FRgFLa497TFsQiGmxNc4VgX2XY1Ln3nKyCkaxf0q6mbiU/YpmHXhC9xpI=&Key-Pair-Id=APKAIUO27P366FGALUMQ
Cnriyrluhled Mmenzl

.‘rt ““1.“muf'xi‘m“r.“"ﬁ‘m"Ltﬁm'wt‘rt‘mﬂrm.t:
-........._............ ....Wm.............-._......-.M.-. ..
................. ..............

MM..... 54 h... mam... - M... 'Wm WM... w....«..m.......m..........m1....
mm»... M.m....m......~..~ MM..... m... ........w.....a.. ...-...............
w... m- M. MM..“... .... . “mm“... . Wm... M... .... m... . .
W...“ .. . .... .W. c_ ..... m. M»... MW... .... m... .... ......m......-m..
“immmrw MM..? my... may. .. .m u:..y...‘muﬂmm $11.1”.
m... .m....._...._. m... m... .n. m.‘....“ M. mum...» n... .... .... m...
m... Wm m.....»......-....... .. .M... MM..”...M. M... m... ........._.......
M. m...»...>...u.... m... .. u... MM..... .. w...“ ... .. Wm... M... .u M... m...
m... ....,....,...... mm... ... mummy... .,.. ...,...... MM.....“ m... M... .. .. ...
MM..... W .....W». n... M... "M... mm............ M. .

 

 

 

 

-......-....... -.........»..........u....._.w.-.» W m: .mw..m........mw

-........_...... ......... -. ......._.....,,...............
mtmut: .MmW-rtm-M... w”
_..,...-..............-.. .

-..-............ ..M.,.......................
.....-....................

 

 

W... - M u... M... M... ................ -.mm....ww.mm.wu. mum...
............. MM.....“ 1.... W. mm...“ ......,.,. m. MM..... .m. u... 5......
m M w... M... .. M...m..w.»..... m. m... mm... m ... ... a... m. M...
M. . .m..........m . w... m... . m... .mm m. .... w m... ...........m MUM wvm
......,....M........m......._- m M... “MM..... mmmm w... .M .w. MM.....
w........;. .7. 3%....“ 11‘ .m .... .w. I‘L“‘.‘..“‘R‘.L“ m...‘ w..'£’.71§“.‘“".‘“‘5.1”‘1‘""‘mLN”
MM.....M..-" . ”MW”... ................m M... ......., M. n... m..............
4wmmmﬂwmhwmzm rummat My? 4:31.... W ”HWXS’M‘T‘ .mym.
“Truman... ...m..w:.w;m mm... '3‘.“ M. mm whim"... .ﬁ..,‘.‘. m”.
... ............. M... mm Mm... ... . .. .m. ...... . MM..... ......“"‘a 1...... . x. m...
w... m... m»... M... m. .....r........

mm...“ W... .m.-.................

-v..d..‘.‘.......- (.31.:.........::‘..::..m._w.mmf.::5.“ 94...“... mm..." A
.m...........w.....- 4......»«whammy-.........n........... mm... 3......
m1....M....m...............w-m .............._........ .m............

 

 

m... ... MM..... ”-M.....nnmmmw. M. .......... m MM..... ... m... u..."
mum m.....m...,.mw... “M................................«may»...
m. MM.....“ .m.........»..............m m... .. mm mm... .. an...” .m.
.n .m.............,.. .on m... m... um... m... “M“... x... .. mm... m.
“WNW...— wu.................. ........m......w...-..u... MM..-..MN.
.. ... .................M......... _.._............... mm... um um... m...“ .M M ...
... .. w... M w... mull-Imam“ um...

 

 

M... um. um... m... M... “Mum... m... .. .. man... u... .. a... u... mm..- ..
......... ............m,....m.........._........ 0........._............._...m...
... ““7. .. m...fg..........mm MM.....“ Mm... .. .u .. mm... .... m. ... M...

'xu-mww . m... - .... u... m... .. .. "Wm...“ .. MM..... r... w... 1...... m... mum:
J... ”5...... mu... ............... um... M. .. m...“ .uw. um.» wank”...
u... w. .. » .................._..... m m... m... .... m... n... m. MM..... 1.... m...
...m.......» MM..... m...“ m... w“... .m. .. Wm“...

 

 

1...... unfrmﬂﬁrw “mm :21"

 

 

Cnriyrluhled Mmenzl


>>>>
https://d1b14unh5d6w7g.cloudfront.net/1500764205.01.S00I.LXXXXXXX.jpg?Expires=1488641697&Signature=BFybmKGYjWiH8pYVECeDlX8Y4rrXQiEKrFfE/VA0Gbk7yY4aMFzRHfeCCEZwk5wxwcVvvyfPFiMd7BrP1KimfkeQn9tn4JiSZ2Gi69fPWevKtqsSUAgyKNKjgNX9dF58anFjIfUxxJasFKJRHmKs1hYo3Ciockc5wRoXVgNP+8s=&Key-Pair-Id=APKAIUO27P366FGALUMQ
Cnriyrluhled Mmenzl

 

“mm m My. Mm ”m! magnum m m...‘ .m. 1.". my," m u M, .m mum»
.. mwmkm mm mm m. ‘ —mym|b« .. m m “Wm ummmum‘ﬂ‘ Mummy
m: “.3“ mm -... M... um «Mummy my“; Mum "Mum y. ... m. mum-um.
raﬂm‘amwmm“ 2““3}”‘T?§’m ”nu”1f”"‘“fﬂ'£”$::3 m k .1wa
w.“ my mm-“ m..." n mu m M." Nu- m.“ M. “mm m Mnmm mm»: mm
me “Tum 14;”.‘ﬁam 5.." n fi" “1"”: mm”? 12'5"?“ mm T“
:ﬁmmhgmm” 3&1” myrmvmﬂwwwu m‘ 7. 3;; Maw h‘r‘mmmmhmm
Wm _, mu mm “mm- mm um. m m m, WWW” mum u, M mmmnmw
MW ”mm” w: W m» .mmwm...m.w m.“ mm "mm.

 

 

 

 

 

 

Wemwmm-mmwu mum mum‘mmm mtmuuywwmmmm—u ‘wh..m..,
"Wm“ M1 ’2: h T”: mm, TM“ Wm: WWW ”51mm?“ mwmmnmmma
mm. mm. m mm A. M mum mm... m w m. m, mm" W m nMn-«pn-Lnnn

‘TE‘A‘ "‘T‘“L“€"“"“‘“‘ﬂ‘ ngxm‘miwm ”TM.“ Myﬁwwwwyw .11,“ my“ “mm."

 

wummnw'w m mam” mqu-m W ms “mm mum m. w. m, M umwununm-u mm

mm “va4st W. WMw-MWWM “mu-cm»- mum W mm m mm mm mm
w mmwm.‘ m tow-um wuﬂmwmw w w wane" mm“ My mm. mm mm WNW w.
.Kmmamm umnm M “MW m M mm mm... Am _ ‘mmwmm Vanna-1mm
www.mhnwqu mwwmmwm mmewlwwmmmw.‘

“mum“ WWW-km“ 'w m m mm) u... mwuuvmwﬂylmmm.ultw m u. mm W.“ w W.
“W?" ‘ﬁ‘tmnmm u Mrumd‘ 1T m wmnﬂr mm,“ “1;wa “Wm” M.
m1 anmmm “W’mmuﬁu-h “TM“ \; mm?“ Nahum“: w
WWW a.“ mm. M." “ mm "Wm” W. m.“ w m.“ WWWMWN mu m w
mm M, Wm”. MM 1% a. WWW M .M- M m m Mm mm” WNW M mm w
m .4 1 M. m. w M "W“ W .“mmwmm m ‘ M m.‘ WWWNNMKWH mm
W m WWW“ M mmm "M.mw.mnmm.mm w MM.“ mm “mm.
WNW “Mum... “Mm wwwmm m WmNm ”an“ pm M x m. w.”
”mm? "‘12";‘W-‘m‘wummrm-m '1':§2{£"‘ﬂ“""‘..§m?&w‘.”;“‘"
mwumu‘grmn mm“ mm“? mgm...mmu‘, mmm‘m‘n‘un NT "My.“

7“"; m mm “a?“ m.“ 'n- "T: mmmww; awmmh‘mhm m arm-rd m
_“my1mm“mum““numwmmm mwummm‘m—M mm“ m.“
”WWW“, mm.“ m." M m ”w w up.” n N ”mm .M u. w MN m mm .‘
my mum“. m.‘ xmuwwmmmmmw m m ‘ “mm.” mm .m. “WWW
rummtmmiﬁﬂwﬂmmmmm immm‘mummmunmmwmh ann-ummmu
”mun

”AWL—aihnwn. M mm Mn—swhu M M m. wwwwnmwm 1,...mm w
n: “my mr-ugx‘ummm .m ... Mum. mm.“ Wm.mnm._.w. W...

 

 

 

 

 

 

 

muwmmum—“MMMWWL. um.m.mm..m.

MM: mm mum..." WWW.“ (mm mm "‘an mm a“ M W My mm .M m-“
33$“:me ”WWW???“ “7:“ ﬂ.“ my: ES '3‘»? km". MM m.”

 

 

m.“ d- x mw-«n 1|” mm mm mm Linusuu‘ m Am yw—i m m r. H— m. m. mm".
”5:;ng mm 1122‘?“ .21: "1‘ mmmmrﬂﬂrmrmwm my MM

 

mm ”\xwmrp‘nupmw ‘mmmmmnmm‘hmmmmam‘.mwm

 

Cnriyrluhled Mmenzl


>>>>
https://d1b14unh5d6w7g.cloudfront.net/1500764205.01.S00J.LXXXXXXX.jpg?Expires=1488641697&Signature=ABxVmMAk+X8ai2qlr8ZjwosyHBFJhPtQhbx0IGX9becr78pWt/22ztBQVgvSYy2YpkNayxTUJx6CCPUud0f7X9yJXHpJTxYSwP9wZgvkZlGg9DlyxoDuhCcuhAj/cOXACo1CVTiAZHWboDUSSBFMLPSJjp0xS4Mc0g9vKib6/Xo=&Key-Pair-Id=APKAIUO27P366FGALUMQ
Cnriyrluhled Mmenzl

“ﬁxvmwnrmmmv—YWW .mmmw my.“ "Mum. w
'lklmmmwmmnthrm
www.mm “mum .h. mummmummwy “as Mr NW.“ mm
mm 'ww mum-e- mm...~u.m.mu.m.m m‘wwnwwuuhw

m» ”‘mem wMMWm.“.mmmmmmum

 

 
  

 

 

 

”mugmmmymw WWm,lywmwwrzmmwufvwWWW- Mm“: ‘
”Amman-n m ".1”me m MN MW, WWW m mmmmmmmw
w mmummum: MM. Whm.Wmmmwmmw. “Huanmnnmmw m.
WMWWW. M mu) MMWWM MMWWMMMWWMMW
"WWW“ ‘_A,.....NW.MMWWM ”Mum,“ “mmmmw WWW
anmwﬂﬁwwnmi“Hm. wwwmwym mmmmm “WWW?”
«WWWmmmmmw mm mm W... WWW WWwwwmmm
MmMmummrmmwmw {my .1"..mrymuﬁmlwWmﬂm
www.mmym...» mm. WWW mmucuumummmm..m_...m.m

 

 

 

 

«mww mm.“ “ WW m. M ‘ WW .4 MW WWW“... w‘mummw u-
“ mm" w WM WW My mu .m M "mam.” mm M .mmwww mum. m
Luau.“ wlmn‘mw mslmm‘rm‘m ACy‘sme m ‘L‘ wunwu' "m1 Wmmlmmmm min-W
Mummy- M.‘

w Mm WWW/m mm WW, m .mme m m mmmmmm w mum
mun." W n- “ mwm.‘ Wmmw w Mmmmw m mum Mhmm Wu, Mum
“mm", m. “. u “ mm WWW m mum, rwnmmwmww “m WWWW m A.“ “
“mummy - mm mnmmmm 'n “mm. mm myvmhmwms' w W. m m‘vxmmw Mm.
m: WEN ‘me WWW“... WM w w m MW.‘WWW 1M “Wu-” m

Hum-range.“ w muxM-miuur’humx'vxmm '1hm(umwmum¢um "mm”

Cnriyrluhled Mmenzl


>>>>
https://d1b14unh5d6w7g.cloudfront.net/1500764205.01.S0GN.LXXXXXXX.jpg?Expires=1488641554&Signature=ObQwJTGOVcKyzJdSsbYiB/+kNooA8hoHFI3f9LgHv6LDwuKAq6hrL366PnpjDqO1sU9J6mAFUmMguZ2tmnvi2p++g3P1/qzyhXeKpU7z+n+D/1yJooroSk9seRiGTrlB0wrLixD7NolRqvLrKHiKLKa2/goQnkO45XvRj12gezA=&Key-Pair-Id=APKAIUO27P366FGALUMQ

